<?xml version="1.0" encoding="UTF-8"?>
<testng-results skipped="0" failed="0" total="2" passed="2">
  <reporter-output>
  </reporter-output>
  <suite name="Default Suite" duration-ms="10036" started-at="2021-12-21T10:45:20Z" finished-at="2021-12-21T10:45:31Z">
    <groups>
    </groups>
    <test name="Selenium_Demo1701" duration-ms="10036" started-at="2021-12-21T10:45:20Z" finished-at="2021-12-21T10:45:31Z">
      <class name="com.hujunqi.day01.TestNGDemo1">
        <test-method status="PASS" signature="beforeTest01()[pri:0, instance:com.hujunqi.day01.TestNGDemo1@6fadae5d]" name="beforeTest01" is-config="true" duration-ms="6" started-at="2021-12-21T18:45:20Z" finished-at="2021-12-21T18:45:20Z">
          <reporter-output>
          </reporter-output>
        </test-method> <!-- beforeTest01 -->
        <test-method status="PASS" signature="beforeMethod()[pri:0, instance:com.hujunqi.day01.TestNGDemo1@6fadae5d]" name="beforeMethod" is-config="true" duration-ms="0" started-at="2021-12-21T18:45:20Z" finished-at="2021-12-21T18:45:20Z">
          <reporter-output>
          </reporter-output>
        </test-method> <!-- beforeMethod -->
        <test-method status="PASS" signature="testCase1()[pri:0, instance:com.hujunqi.day01.TestNGDemo1@6fadae5d]" name="testCase1" duration-ms="5015" started-at="2021-12-21T18:45:20Z" finished-at="2021-12-21T18:45:26Z">
          <reporter-output>
          </reporter-output>
        </test-method> <!-- testCase1 -->
        <test-method status="PASS" signature="afterMethod()[pri:0, instance:com.hujunqi.day01.TestNGDemo1@6fadae5d]" name="afterMethod" is-config="true" duration-ms="1" started-at="2021-12-21T18:45:26Z" finished-at="2021-12-21T18:45:26Z">
          <reporter-output>
          </reporter-output>
        </test-method> <!-- afterMethod -->
        <test-method status="PASS" signature="testCase2()[pri:0, instance:com.hujunqi.day01.TestNGDemo1@6fadae5d]" name="testCase2" duration-ms="5007" started-at="2021-12-21T18:45:26Z" finished-at="2021-12-21T18:45:31Z">
          <reporter-output>
          </reporter-output>
        </test-method> <!-- testCase2 -->
        <test-method status="PASS" signature="beforeMethod()[pri:0, instance:com.hujunqi.day01.TestNGDemo1@6fadae5d]" name="beforeMethod" is-config="true" duration-ms="0" started-at="2021-12-21T18:45:26Z" finished-at="2021-12-21T18:45:26Z">
          <reporter-output>
          </reporter-output>
        </test-method> <!-- beforeMethod -->
        <test-method status="PASS" signature="afterMethod()[pri:0, instance:com.hujunqi.day01.TestNGDemo1@6fadae5d]" name="afterMethod" is-config="true" duration-ms="0" started-at="2021-12-21T18:45:31Z" finished-at="2021-12-21T18:45:31Z">
          <reporter-output>
          </reporter-output>
        </test-method> <!-- afterMethod -->
        <test-method status="PASS" signature="afterTest01()[pri:0, instance:com.hujunqi.day01.TestNGDemo1@6fadae5d]" name="afterTest01" is-config="true" duration-ms="0" started-at="2021-12-21T18:45:31Z" finished-at="2021-12-21T18:45:31Z">
          <reporter-output>
          </reporter-output>
        </test-method> <!-- afterTest01 -->
      </class> <!-- com.hujunqi.day01.TestNGDemo1 -->
    </test> <!-- Selenium_Demo1701 -->
  </suite> <!-- Default Suite -->
</testng-results>
